{
  "0 debug pnpm:scope": {
    "selected": 1,
    "workspacePrefix": "/Users/cryptodeal/BallerAnalytics"
  },
  "1 error pnpm": {
    "errno": 1,
    "code": "ELIFECYCLE",
    "pkgid": "balleranalytics@0.1.0",
    "stage": "build",
    "script": "turbo run build",
    "pkgname": "balleranalytics",
    "err": {
      "name": "pnpm",
      "message": "balleranalytics@0.1.0 build: `turbo run build`\nExit status 1",
      "code": "ELIFECYCLE",
      "stack": "pnpm: balleranalytics@0.1.0 build: `turbo run build`\nExit status 1\n    at EventEmitter.<anonymous> (/Users/cryptodeal/.nvm/versions/node/v16.4.2/pnpm-global/5/node_modules/.pnpm/pnpm@6.32.7/node_modules/pnpm/dist/pnpm.cjs:105738:20)\n    at EventEmitter.emit (node:events:394:28)\n    at ChildProcess.<anonymous> (/Users/cryptodeal/.nvm/versions/node/v16.4.2/pnpm-global/5/node_modules/.pnpm/pnpm@6.32.7/node_modules/pnpm/dist/pnpm.cjs:92299:18)\n    at ChildProcess.emit (node:events:394:28)\n    at maybeClose (node:internal/child_process:1067:16)\n    at Process.ChildProcess._handle.onexit (node:internal/child_process:301:5)"
    }
  }
}